<?xml version="1.0" encoding="UTF-8"?>
<testsuite name="com.intranet.app.IntranetApiApplicationTests" tests="1" skipped="0" failures="0" errors="0" timestamp="2022-09-11T02:35:35" hostname="hector-IdeaPad-5-14ARE05" time="0.158">
  <properties/>
  <testcase name="contextLoads()" classname="com.intranet.app.IntranetApiApplicationTests" time="0.158"/>
  <system-out><![CDATA[21:35:32.537 [Test worker] DEBUG org.springframework.test.context.BootstrapUtils - Instantiating CacheAwareContextLoaderDelegate from class [org.springframework.test.context.cache.DefaultCacheAwareContextLoaderDelegate]
21:35:32.544 [Test worker] DEBUG org.springframework.test.context.BootstrapUtils - Instantiating BootstrapContext using constructor [public org.springframework.test.context.support.DefaultBootstrapContext(java.lang.Class,org.springframework.test.context.CacheAwareContextLoaderDelegate)]
21:35:32.569 [Test worker] DEBUG org.springframework.test.context.BootstrapUtils - Instantiating TestContextBootstrapper for test class [com.intranet.app.IntranetApiApplicationTests] from class [org.springframework.boot.test.context.SpringBootTestContextBootstrapper]
21:35:32.576 [Test worker] INFO org.springframework.boot.test.context.SpringBootTestContextBootstrapper - Neither @ContextConfiguration nor @ContextHierarchy found for test class [com.intranet.app.IntranetApiApplicationTests], using SpringBootContextLoader
21:35:32.579 [Test worker] DEBUG org.springframework.test.context.support.AbstractContextLoader - Did not detect default resource location for test class [com.intranet.app.IntranetApiApplicationTests]: class path resource [com/intranet/app/IntranetApiApplicationTests-context.xml] does not exist
21:35:32.579 [Test worker] DEBUG org.springframework.test.context.support.AbstractContextLoader - Did not detect default resource location for test class [com.intranet.app.IntranetApiApplicationTests]: class path resource [com/intranet/app/IntranetApiApplicationTestsContext.groovy] does not exist
21:35:32.579 [Test worker] INFO org.springframework.test.context.support.AbstractContextLoader - Could not detect default resource locations for test class [com.intranet.app.IntranetApiApplicationTests]: no resource found for suffixes {-context.xml, Context.groovy}.
21:35:32.580 [Test worker] INFO org.springframework.test.context.support.AnnotationConfigContextLoaderUtils - Could not detect default configuration classes for test class [com.intranet.app.IntranetApiApplicationTests]: IntranetApiApplicationTests does not declare any static, non-private, non-final, nested classes annotated with @Configuration.
21:35:32.609 [Test worker] DEBUG org.springframework.test.context.support.ActiveProfilesUtils - Could not find an 'annotation declaring class' for annotation type [org.springframework.test.context.ActiveProfiles] and class [com.intranet.app.IntranetApiApplicationTests]
21:35:32.650 [Test worker] DEBUG org.springframework.context.annotation.ClassPathScanningCandidateComponentProvider - Identified candidate component class: file [/home/hector/Documents/personal/upc/opensourcesoftware/intranet-api/build/classes/java/main/com/intranet/app/IntranetApiApplication.class]
21:35:32.651 [Test worker] INFO org.springframework.boot.test.context.SpringBootTestContextBootstrapper - Found @SpringBootConfiguration com.intranet.app.IntranetApiApplication for test class com.intranet.app.IntranetApiApplicationTests
21:35:32.703 [Test worker] DEBUG org.springframework.boot.test.context.SpringBootTestContextBootstrapper - @TestExecutionListeners is not present for class [com.intranet.app.IntranetApiApplicationTests]: using defaults.
21:35:32.704 [Test worker] INFO org.springframework.boot.test.context.SpringBootTestContextBootstrapper - Loaded default TestExecutionListener class names from location [META-INF/spring.factories]: [org.springframework.boot.test.autoconfigure.restdocs.RestDocsTestExecutionListener, org.springframework.boot.test.autoconfigure.web.client.MockRestServiceServerResetTestExecutionListener, org.springframework.boot.test.autoconfigure.web.servlet.MockMvcPrintOnlyOnFailureTestExecutionListener, org.springframework.boot.test.autoconfigure.web.servlet.WebDriverTestExecutionListener, org.springframework.boot.test.autoconfigure.webservices.client.MockWebServiceServerTestExecutionListener, org.springframework.boot.test.mock.mockito.MockitoTestExecutionListener, org.springframework.boot.test.mock.mockito.ResetMocksTestExecutionListener, org.springframework.test.context.web.ServletTestExecutionListener, org.springframework.test.context.support.DirtiesContextBeforeModesTestExecutionListener, org.springframework.test.context.event.ApplicationEventsTestExecutionListener, org.springframework.test.context.support.DependencyInjectionTestExecutionListener, org.springframework.test.context.support.DirtiesContextTestExecutionListener, org.springframework.test.context.transaction.TransactionalTestExecutionListener, org.springframework.test.context.jdbc.SqlScriptsTestExecutionListener, org.springframework.test.context.event.EventPublishingTestExecutionListener]
21:35:32.714 [Test worker] DEBUG org.springframework.boot.test.context.SpringBootTestContextBootstrapper - Skipping candidate TestExecutionListener [org.springframework.test.context.web.ServletTestExecutionListener] due to a missing dependency. Specify custom listener classes or make the default listener classes and their required dependencies available. Offending class: [javax/servlet/ServletContext]
21:35:32.719 [Test worker] INFO org.springframework.boot.test.context.SpringBootTestContextBootstrapper - Using TestExecutionListeners: [org.springframework.test.context.support.DirtiesContextBeforeModesTestExecutionListener@4cc6fa2a, org.springframework.test.context.event.ApplicationEventsTestExecutionListener@40f1be1b, org.springframework.boot.test.mock.mockito.MockitoTestExecutionListener@7a791b66, org.springframework.boot.test.autoconfigure.SpringBootDependencyInjectionTestExecutionListener@6f2cb653, org.springframework.test.context.support.DirtiesContextTestExecutionListener@14c01636, org.springframework.test.context.transaction.TransactionalTestExecutionListener@590c73d3, org.springframework.test.context.jdbc.SqlScriptsTestExecutionListener@6b9ce1bf, org.springframework.test.context.event.EventPublishingTestExecutionListener@61884cb1, org.springframework.boot.test.autoconfigure.restdocs.RestDocsTestExecutionListener@75ed9710, org.springframework.boot.test.autoconfigure.web.client.MockRestServiceServerResetTestExecutionListener@4fc5e095, org.springframework.boot.test.autoconfigure.web.servlet.MockMvcPrintOnlyOnFailureTestExecutionListener@435871cb, org.springframework.boot.test.autoconfigure.web.servlet.WebDriverTestExecutionListener@609640d5, org.springframework.boot.test.autoconfigure.webservices.client.MockWebServiceServerTestExecutionListener@79da1ec0, org.springframework.boot.test.mock.mockito.ResetMocksTestExecutionListener@19fb8826]
21:35:32.721 [Test worker] DEBUG org.springframework.test.context.support.AbstractDirtiesContextTestExecutionListener - Before test class: context [DefaultTestContext@13c3c1e1 testClass = IntranetApiApplicationTests, testInstance = [null], testMethod = [null], testException = [null], mergedContextConfiguration = [ReactiveWebMergedContextConfiguration@1d8062d2 testClass = IntranetApiApplicationTests, locations = '{}', classes = '{class com.intranet.app.IntranetApiApplication}', contextInitializerClasses = '[]', activeProfiles = '{}', propertySourceLocations = '{}', propertySourceProperties = '{org.springframework.boot.test.context.SpringBootTestContextBootstrapper=true}', contextCustomizers = set[org.springframework.boot.test.autoconfigure.actuate.metrics.MetricsExportContextCustomizerFactory$DisableMetricExportContextCustomizer@95e33cc, org.springframework.boot.test.autoconfigure.properties.PropertyMappingContextCustomizer@0, org.springframework.boot.test.autoconfigure.web.servlet.WebDriverContextCustomizerFactory$Customizer@3697186, org.springframework.boot.test.context.filter.ExcludeFilterContextCustomizer@46b61c56, org.springframework.boot.test.json.DuplicateJsonObjectContextCustomizerFactory$DuplicateJsonObjectContextCustomizer@12d2ce03, org.springframework.boot.test.mock.mockito.MockitoContextCustomizer@0, org.springframework.boot.test.web.client.TestRestTemplateContextCustomizer@5be46f9d, org.springframework.boot.test.web.reactive.server.WebTestClientContextCustomizer@338c99c8, org.springframework.boot.test.context.SpringBootTestArgs@1, org.springframework.boot.test.context.SpringBootTestWebEnvironment@192c3f1e], contextLoader = 'org.springframework.boot.test.context.SpringBootContextLoader', parent = [null]], attributes = map[[empty]]], class annotated with @DirtiesContext [false] with mode [null].
21:35:32.731 [Test worker] DEBUG org.springframework.test.context.support.DependencyInjectionTestExecutionListener - Performing dependency injection for test context [[DefaultTestContext@13c3c1e1 testClass = IntranetApiApplicationTests, testInstance = com.intranet.app.IntranetApiApplicationTests@5ad10c1a, testMethod = [null], testException = [null], mergedContextConfiguration = [ReactiveWebMergedContextConfiguration@1d8062d2 testClass = IntranetApiApplicationTests, locations = '{}', classes = '{class com.intranet.app.IntranetApiApplication}', contextInitializerClasses = '[]', activeProfiles = '{}', propertySourceLocations = '{}', propertySourceProperties = '{org.springframework.boot.test.context.SpringBootTestContextBootstrapper=true}', contextCustomizers = set[org.springframework.boot.test.autoconfigure.actuate.metrics.MetricsExportContextCustomizerFactory$DisableMetricExportContextCustomizer@95e33cc, org.springframework.boot.test.autoconfigure.properties.PropertyMappingContextCustomizer@0, org.springframework.boot.test.autoconfigure.web.servlet.WebDriverContextCustomizerFactory$Customizer@3697186, org.springframework.boot.test.context.filter.ExcludeFilterContextCustomizer@46b61c56, org.springframework.boot.test.json.DuplicateJsonObjectContextCustomizerFactory$DuplicateJsonObjectContextCustomizer@12d2ce03, org.springframework.boot.test.mock.mockito.MockitoContextCustomizer@0, org.springframework.boot.test.web.client.TestRestTemplateContextCustomizer@5be46f9d, org.springframework.boot.test.web.reactive.server.WebTestClientContextCustomizer@338c99c8, org.springframework.boot.test.context.SpringBootTestArgs@1, org.springframework.boot.test.context.SpringBootTestWebEnvironment@192c3f1e], contextLoader = 'org.springframework.boot.test.context.SpringBootContextLoader', parent = [null]], attributes = map['org.springframework.test.context.event.ApplicationEventsTestExecutionListener.recordApplicationEvents' -> false]]].

  .   ____          _            __ _ _
 /\\ / ___'_ __ _ _(_)_ __  __ _ \ \ \ \
( ( )\___ | '_ | '_| | '_ \/ _` | \ \ \ \
 \\/  ___)| |_)| | | | | || (_| |  ) ) ) )
  '  |____| .__|_| |_|_| |_\__, | / / / /
 =========|_|==============|___/=/_/_/_/
 :: Spring Boot ::                (v2.7.3)

2022-09-10 21:35:32.924  INFO 5675 --- [    Test worker] c.i.app.IntranetApiApplicationTests      : Starting IntranetApiApplicationTests using Java 18.0.2 on hector-IdeaPad-5-14ARE05 with PID 5675 (started by hector in /home/hector/Documents/personal/upc/opensourcesoftware/intranet-api)
2022-09-10 21:35:32.925  INFO 5675 --- [    Test worker] c.i.app.IntranetApiApplicationTests      : No active profile set, falling back to 1 default profile: "default"
2022-09-10 21:35:33.364  INFO 5675 --- [    Test worker] .s.d.r.c.RepositoryConfigurationDelegate : Bootstrapping Spring Data JPA repositories in DEFAULT mode.
2022-09-10 21:35:33.465  INFO 5675 --- [    Test worker] .s.d.r.c.RepositoryConfigurationDelegate : Finished Spring Data repository scanning in 94 ms. Found 1 JPA repository interfaces.
2022-09-10 21:35:33.759  INFO 5675 --- [    Test worker] com.zaxxer.hikari.HikariDataSource       : HikariPool-1 - Starting...
2022-09-10 21:35:33.872  INFO 5675 --- [    Test worker] com.zaxxer.hikari.HikariDataSource       : HikariPool-1 - Start completed.
2022-09-10 21:35:33.981  INFO 5675 --- [    Test worker] o.hibernate.jpa.internal.util.LogHelper  : HHH000204: Processing PersistenceUnitInfo [name: default]
2022-09-10 21:35:34.012  INFO 5675 --- [    Test worker] org.hibernate.Version                    : HHH000412: Hibernate ORM core version 5.6.10.Final
2022-09-10 21:35:34.124  INFO 5675 --- [    Test worker] o.hibernate.annotations.common.Version   : HCANN000001: Hibernate Commons Annotations {5.1.2.Final}
2022-09-10 21:35:34.185  INFO 5675 --- [    Test worker] org.hibernate.dialect.Dialect            : HHH000400: Using dialect: org.hibernate.dialect.H2Dialect
2022-09-10 21:35:34.495  INFO 5675 --- [    Test worker] o.h.e.t.j.p.i.JtaPlatformInitiator       : HHH000490: Using JtaPlatform implementation: [org.hibernate.engine.transaction.jta.platform.internal.NoJtaPlatform]
2022-09-10 21:35:34.501  INFO 5675 --- [    Test worker] j.LocalContainerEntityManagerFactoryBean : Initialized JPA EntityManagerFactory for persistence unit 'default'
2022-09-10 21:35:35.468  INFO 5675 --- [    Test worker] c.i.app.IntranetApiApplicationTests      : Started IntranetApiApplicationTests in 2.721 seconds (JVM running for 3.496)
]]></system-out>
  <system-err><![CDATA[]]></system-err>
</testsuite>
